2018-09-27 17:33:04,082 [logstats:log.48] [INFO]- Crawled 0 pages (at 0 pages/min), scraped 0 items (at 0 items/min)
2018-09-27 17:33:04,085 [telnet:start_listening.60] [DEBUG]- Telnet console listening on 127.0.0.1:6023
2018-09-27 17:33:04,101 [cookies:_debug_cookie.61] [DEBUG]- Sending cookies to: <GET http://space.bilibili.com/ajax/member/getSubmitVideos?mid=22500342&pagesize=30&tid=0&page=1&keyword=&order=pubdate>
Cookie: a=b

2018-09-27 17:33:09,571 [cookies:_debug_cookie.61] [DEBUG]- Sending cookies to: <GET http://space.bilibili.com/ajax/member/getSubmitVideos?mid=22500342&pagesize=30&tid=0&page=2&keyword=&order=pubdate>
Cookie: a=b

2018-09-27 17:33:14,391 [statscollectors:close_spider.47] [INFO]- Dumping Scrapy stats:
{'downloader/request_bytes': 1067,
 'downloader/request_count': 2,
 'downloader/request_method_count/GET': 2,
 'downloader/response_bytes': 10698,
 'downloader/response_count': 2,
 'downloader/response_status_count/200': 2,
 'finish_reason': 'finished',
 'finish_time': datetime.datetime(2018, 9, 27, 9, 33, 14, 390000),
 'log_count/DEBUG': 3,
 'log_count/INFO': 1,
 'request_depth_max': 1,
 'response_received_count': 2,
 'scheduler/dequeued': 2,
 'scheduler/dequeued/memory': 2,
 'scheduler/enqueued': 2,
 'scheduler/enqueued/memory': 2,
 'start_time': datetime.datetime(2018, 9, 27, 9, 33, 4, 83000)}
2018-09-27 17:33:50,601 [logstats:log.48] [INFO]- Crawled 0 pages (at 0 pages/min), scraped 0 items (at 0 items/min)
2018-09-27 17:33:50,604 [telnet:start_listening.60] [DEBUG]- Telnet console listening on 127.0.0.1:6023
2018-09-27 17:33:50,619 [cookies:_debug_cookie.61] [DEBUG]- Sending cookies to: <GET http://space.bilibili.com/ajax/member/getSubmitVideos?mid=22500342&pagesize=30&tid=0&page=1&keyword=&order=pubdate>
Cookie: a=b

2018-09-27 17:33:50,993 [cookies:_debug_cookie.61] [DEBUG]- Sending cookies to: <GET http://space.bilibili.com/ajax/member/getSubmitVideos?mid=22500342&pagesize=30&tid=0&page=2&keyword=&order=pubdate>
Cookie: a=b

2018-09-27 17:33:51,325 [statscollectors:close_spider.47] [INFO]- Dumping Scrapy stats:
{'downloader/request_bytes': 1067,
 'downloader/request_count': 2,
 'downloader/request_method_count/GET': 2,
 'downloader/response_bytes': 10789,
 'downloader/response_count': 2,
 'downloader/response_status_count/200': 2,
 'finish_reason': 'finished',
 'finish_time': datetime.datetime(2018, 9, 27, 9, 33, 51, 325000),
 'log_count/DEBUG': 3,
 'log_count/INFO': 1,
 'request_depth_max': 1,
 'response_received_count': 2,
 'scheduler/dequeued': 2,
 'scheduler/dequeued/memory': 2,
 'scheduler/enqueued': 2,
 'scheduler/enqueued/memory': 2,
 'start_time': datetime.datetime(2018, 9, 27, 9, 33, 50, 602000)}
2018-09-28 09:44:14,792 [logstats:log.48] [INFO]- Crawled 0 pages (at 0 pages/min), scraped 0 items (at 0 items/min)
2018-09-28 09:44:14,809 [telnet:start_listening.60] [DEBUG]- Telnet console listening on 127.0.0.1:6023
2018-09-28 09:44:14,921 [cookies:_debug_cookie.61] [DEBUG]- Sending cookies to: <GET http://space.bilibili.com/ajax/member/getSubmitVideos?mid=22500342&pagesize=30&tid=0&page=1&keyword=&order=pubdate>
Cookie: a=b

2018-09-28 09:44:15,891 [cookies:_debug_cookie.61] [DEBUG]- Sending cookies to: <GET http://space.bilibili.com/ajax/member/getSubmitVideos?mid=22500342&pagesize=30&tid=0&page=2&keyword=&order=pubdate>
Cookie: a=b

2018-09-28 09:44:16,401 [statscollectors:close_spider.47] [INFO]- Dumping Scrapy stats:
{'downloader/request_bytes': 1067,
 'downloader/request_count': 2,
 'downloader/request_method_count/GET': 2,
 'downloader/response_bytes': 10666,
 'downloader/response_count': 2,
 'downloader/response_status_count/200': 2,
 'finish_reason': 'finished',
 'finish_time': datetime.datetime(2018, 9, 28, 1, 44, 16, 400000),
 'log_count/DEBUG': 3,
 'log_count/INFO': 1,
 'request_depth_max': 1,
 'response_received_count': 2,
 'scheduler/dequeued': 2,
 'scheduler/dequeued/memory': 2,
 'scheduler/enqueued': 2,
 'scheduler/enqueued/memory': 2,
 'start_time': datetime.datetime(2018, 9, 28, 1, 44, 14, 807000)}
2018-09-28 09:44:53,809 [logstats:log.48] [INFO]- Crawled 0 pages (at 0 pages/min), scraped 0 items (at 0 items/min)
2018-09-28 09:44:53,811 [telnet:start_listening.60] [DEBUG]- Telnet console listening on 127.0.0.1:6023
2018-09-28 09:44:53,826 [cookies:_debug_cookie.61] [DEBUG]- Sending cookies to: <GET http://space.bilibili.com/ajax/member/getSubmitVideos?mid=22500342&pagesize=30&tid=0&page=1&keyword=&order=pubdate>
Cookie: a=b

2018-09-28 09:44:54,223 [cookies:_debug_cookie.61] [DEBUG]- Sending cookies to: <GET http://space.bilibili.com/ajax/member/getSubmitVideos?mid=22500342&pagesize=30&tid=0&page=2&keyword=&order=pubdate>
Cookie: a=b

2018-09-28 09:44:54,552 [statscollectors:close_spider.47] [INFO]- Dumping Scrapy stats:
{'downloader/request_bytes': 1067,
 'downloader/request_count': 2,
 'downloader/request_method_count/GET': 2,
 'downloader/response_bytes': 10539,
 'downloader/response_count': 2,
 'downloader/response_status_count/200': 2,
 'finish_reason': 'finished',
 'finish_time': datetime.datetime(2018, 9, 28, 1, 44, 54, 552000),
 'log_count/DEBUG': 3,
 'log_count/INFO': 1,
 'request_depth_max': 1,
 'response_received_count': 2,
 'scheduler/dequeued': 2,
 'scheduler/dequeued/memory': 2,
 'scheduler/enqueued': 2,
 'scheduler/enqueued/memory': 2,
 'start_time': datetime.datetime(2018, 9, 28, 1, 44, 53, 809000)}
2018-09-28 09:47:23,848 [logstats:log.48] [INFO]- Crawled 0 pages (at 0 pages/min), scraped 0 items (at 0 items/min)
2018-09-28 09:47:23,854 [telnet:start_listening.60] [DEBUG]- Telnet console listening on 127.0.0.1:6023
2018-09-28 09:47:23,888 [cookies:_debug_cookie.61] [DEBUG]- Sending cookies to: <GET http://space.bilibili.com/ajax/member/getSubmitVideos?mid=22500342&pagesize=30&tid=0&page=1&keyword=&order=pubdate>
Cookie: a=b

2018-09-28 09:47:24,687 [cookies:_debug_cookie.61] [DEBUG]- Sending cookies to: <GET http://space.bilibili.com/ajax/member/getSubmitVideos?mid=22500342&pagesize=30&tid=0&page=2&keyword=&order=pubdate>
Cookie: a=b

2018-09-28 09:47:25,595 [statscollectors:close_spider.47] [INFO]- Dumping Scrapy stats:
{'downloader/request_bytes': 1067,
 'downloader/request_count': 2,
 'downloader/request_method_count/GET': 2,
 'downloader/response_bytes': 10725,
 'downloader/response_count': 2,
 'downloader/response_status_count/200': 2,
 'finish_reason': 'finished',
 'finish_time': datetime.datetime(2018, 9, 28, 1, 47, 25, 594000),
 'log_count/DEBUG': 3,
 'log_count/INFO': 1,
 'request_depth_max': 1,
 'response_received_count': 2,
 'scheduler/dequeued': 2,
 'scheduler/dequeued/memory': 2,
 'scheduler/enqueued': 2,
 'scheduler/enqueued/memory': 2,
 'start_time': datetime.datetime(2018, 9, 28, 1, 47, 23, 850000)}
2018-09-28 09:47:55,540 [logstats:log.48] [INFO]- Crawled 0 pages (at 0 pages/min), scraped 0 items (at 0 items/min)
2018-09-28 09:47:55,545 [telnet:start_listening.60] [DEBUG]- Telnet console listening on 127.0.0.1:6023
2018-09-28 09:47:55,562 [cookies:_debug_cookie.61] [DEBUG]- Sending cookies to: <GET http://space.bilibili.com/ajax/member/getSubmitVideos?mid=22500342&pagesize=30&tid=0&page=1&keyword=&order=pubdate>
Cookie: a=b

2018-09-28 09:47:56,095 [cookies:_debug_cookie.61] [DEBUG]- Sending cookies to: <GET http://space.bilibili.com/ajax/member/getSubmitVideos?mid=22500342&pagesize=30&tid=0&page=2&keyword=&order=pubdate>
Cookie: a=b

2018-09-28 09:47:56,529 [statscollectors:close_spider.47] [INFO]- Dumping Scrapy stats:
{'downloader/request_bytes': 1067,
 'downloader/request_count': 2,
 'downloader/request_method_count/GET': 2,
 'downloader/response_bytes': 10981,
 'downloader/response_count': 2,
 'downloader/response_status_count/200': 2,
 'finish_reason': 'finished',
 'finish_time': datetime.datetime(2018, 9, 28, 1, 47, 56, 529000),
 'log_count/DEBUG': 3,
 'log_count/INFO': 1,
 'request_depth_max': 1,
 'response_received_count': 2,
 'scheduler/dequeued': 2,
 'scheduler/dequeued/memory': 2,
 'scheduler/enqueued': 2,
 'scheduler/enqueued/memory': 2,
 'start_time': datetime.datetime(2018, 9, 28, 1, 47, 55, 542000)}
2018-09-28 09:48:46,174 [logstats:log.48] [INFO]- Crawled 0 pages (at 0 pages/min), scraped 0 items (at 0 items/min)
2018-09-28 09:48:46,177 [telnet:start_listening.60] [DEBUG]- Telnet console listening on 127.0.0.1:6023
2018-09-28 09:48:46,191 [cookies:_debug_cookie.61] [DEBUG]- Sending cookies to: <GET http://space.bilibili.com/ajax/member/getSubmitVideos?mid=22500342&pagesize=30&tid=0&page=1&keyword=&order=pubdate>
Cookie: a=b

2018-09-28 09:48:46,421 [models:__unicode__.107] [ERROR]- VideoDetail has no video.
2018-09-28 09:48:46,428 [models:__unicode__.107] [ERROR]- VideoDetail has no video.
2018-09-28 09:48:46,434 [models:__unicode__.107] [ERROR]- VideoDetail has no video.
2018-09-28 09:48:46,438 [models:__unicode__.107] [ERROR]- VideoDetail has no video.
2018-09-28 09:48:46,443 [models:__unicode__.107] [ERROR]- VideoDetail has no video.
2018-09-28 09:48:46,446 [models:__unicode__.107] [ERROR]- VideoDetail has no video.
2018-09-28 09:48:46,450 [models:__unicode__.107] [ERROR]- VideoDetail has no video.
2018-09-28 09:48:46,453 [models:__unicode__.107] [ERROR]- VideoDetail has no video.
2018-09-28 09:48:46,456 [models:__unicode__.107] [ERROR]- VideoDetail has no video.
2018-09-28 09:48:46,459 [models:__unicode__.107] [ERROR]- VideoDetail has no video.
2018-09-28 09:48:46,463 [models:__unicode__.107] [ERROR]- VideoDetail has no video.
2018-09-28 09:48:46,466 [models:__unicode__.107] [ERROR]- VideoDetail has no video.
2018-09-28 09:48:46,469 [models:__unicode__.107] [ERROR]- VideoDetail has no video.
2018-09-28 09:48:46,471 [models:__unicode__.107] [ERROR]- VideoDetail has no video.
2018-09-28 09:48:46,474 [models:__unicode__.107] [ERROR]- VideoDetail has no video.
2018-09-28 09:48:46,477 [models:__unicode__.107] [ERROR]- VideoDetail has no video.
2018-09-28 09:48:46,480 [models:__unicode__.107] [ERROR]- VideoDetail has no video.
2018-09-28 09:48:46,483 [models:__unicode__.107] [ERROR]- VideoDetail has no video.
2018-09-28 09:48:46,486 [models:__unicode__.107] [ERROR]- VideoDetail has no video.
2018-09-28 09:48:46,490 [models:__unicode__.107] [ERROR]- VideoDetail has no video.
2018-09-28 09:48:46,493 [models:__unicode__.107] [ERROR]- VideoDetail has no video.
2018-09-28 09:48:46,496 [models:__unicode__.107] [ERROR]- VideoDetail has no video.
2018-09-28 09:48:46,500 [models:__unicode__.107] [ERROR]- VideoDetail has no video.
2018-09-28 09:48:46,503 [models:__unicode__.107] [ERROR]- VideoDetail has no video.
2018-09-28 09:48:46,506 [models:__unicode__.107] [ERROR]- VideoDetail has no video.
2018-09-28 09:48:46,509 [models:__unicode__.107] [ERROR]- VideoDetail has no video.
2018-09-28 09:48:46,513 [models:__unicode__.107] [ERROR]- VideoDetail has no video.
2018-09-28 09:48:46,516 [models:__unicode__.107] [ERROR]- VideoDetail has no video.
2018-09-28 09:48:46,519 [models:__unicode__.107] [ERROR]- VideoDetail has no video.
2018-09-28 09:48:46,522 [models:__unicode__.107] [ERROR]- VideoDetail has no video.
2018-09-28 09:48:46,528 [statscollectors:close_spider.47] [INFO]- Dumping Scrapy stats:
{'downloader/request_bytes': 471,
 'downloader/request_count': 1,
 'downloader/request_method_count/GET': 1,
 'downloader/response_bytes': 5390,
 'downloader/response_count': 1,
 'downloader/response_status_count/200': 1,
 'finish_reason': 'finished',
 'finish_time': datetime.datetime(2018, 9, 28, 1, 48, 46, 527000),
 'log_count/DEBUG': 2,
 'log_count/ERROR': 30,
 'log_count/INFO': 1,
 'response_received_count': 1,
 'scheduler/dequeued': 1,
 'scheduler/dequeued/memory': 1,
 'scheduler/enqueued': 1,
 'scheduler/enqueued/memory': 1,
 'start_time': datetime.datetime(2018, 9, 28, 1, 48, 46, 175000)}
2018-09-28 09:51:22,186 [logstats:log.48] [INFO]- Crawled 0 pages (at 0 pages/min), scraped 0 items (at 0 items/min)
2018-09-28 09:51:22,190 [telnet:start_listening.60] [DEBUG]- Telnet console listening on 127.0.0.1:6023
2018-09-28 09:51:22,207 [cookies:_debug_cookie.61] [DEBUG]- Sending cookies to: <GET http://space.bilibili.com/ajax/member/getSubmitVideos?mid=22500342&pagesize=30&tid=0&page=1&keyword=&order=pubdate>
Cookie: a=b

2018-09-28 09:51:26,236 [statscollectors:close_spider.47] [INFO]- Dumping Scrapy stats:
{'downloader/request_bytes': 471,
 'downloader/request_count': 1,
 'downloader/request_method_count/GET': 1,
 'downloader/response_bytes': 5361,
 'downloader/response_count': 1,
 'downloader/response_status_count/200': 1,
 'finish_reason': 'finished',
 'finish_time': datetime.datetime(2018, 9, 28, 1, 51, 26, 236000),
 'item_scraped_count': 30,
 'log_count/DEBUG': 2,
 'log_count/INFO': 1,
 'response_received_count': 1,
 'scheduler/dequeued': 1,
 'scheduler/dequeued/memory': 1,
 'scheduler/enqueued': 1,
 'scheduler/enqueued/memory': 1,
 'start_time': datetime.datetime(2018, 9, 28, 1, 51, 22, 186000)}
2018-09-28 09:52:13,750 [logstats:log.48] [INFO]- Crawled 0 pages (at 0 pages/min), scraped 0 items (at 0 items/min)
2018-09-28 09:52:13,753 [telnet:start_listening.60] [DEBUG]- Telnet console listening on 127.0.0.1:6023
2018-09-28 09:52:13,769 [cookies:_debug_cookie.61] [DEBUG]- Sending cookies to: <GET http://space.bilibili.com/ajax/member/getSubmitVideos?mid=22500342&pagesize=30&tid=0&page=1&keyword=&order=pubdate>
Cookie: a=b

2018-09-28 09:52:18,176 [statscollectors:close_spider.47] [INFO]- Dumping Scrapy stats:
{'downloader/request_bytes': 471,
 'downloader/request_count': 1,
 'downloader/request_method_count/GET': 1,
 'downloader/response_bytes': 5445,
 'downloader/response_count': 1,
 'downloader/response_status_count/200': 1,
 'finish_reason': 'finished',
 'finish_time': datetime.datetime(2018, 9, 28, 1, 52, 18, 175000),
 'item_scraped_count': 30,
 'log_count/DEBUG': 2,
 'log_count/INFO': 1,
 'response_received_count': 1,
 'scheduler/dequeued': 1,
 'scheduler/dequeued/memory': 1,
 'scheduler/enqueued': 1,
 'scheduler/enqueued/memory': 1,
 'start_time': datetime.datetime(2018, 9, 28, 1, 52, 13, 751000)}
2018-09-28 09:52:20,934 [logstats:log.48] [INFO]- Crawled 0 pages (at 0 pages/min), scraped 0 items (at 0 items/min)
2018-09-28 09:52:20,937 [telnet:start_listening.60] [DEBUG]- Telnet console listening on 127.0.0.1:6023
2018-09-28 09:52:20,956 [cookies:_debug_cookie.61] [DEBUG]- Sending cookies to: <GET http://space.bilibili.com/ajax/member/getSubmitVideos?mid=22500342&pagesize=30&tid=0&page=1&keyword=&order=pubdate>
Cookie: a=b

2018-09-28 09:52:24,563 [logstats:log.48] [INFO]- Crawled 0 pages (at 0 pages/min), scraped 0 items (at 0 items/min)
2018-09-28 09:52:24,565 [telnet:start_listening.60] [DEBUG]- Telnet console listening on 127.0.0.1:6024
2018-09-28 09:52:24,582 [cookies:_debug_cookie.61] [DEBUG]- Sending cookies to: <GET http://space.bilibili.com/ajax/member/getSubmitVideos?mid=22500342&pagesize=30&tid=0&page=1&keyword=&order=pubdate>
Cookie: a=b

2018-09-28 09:52:26,269 [statscollectors:close_spider.47] [INFO]- Dumping Scrapy stats:
{'downloader/request_bytes': 471,
 'downloader/request_count': 1,
 'downloader/request_method_count/GET': 1,
 'downloader/response_bytes': 5401,
 'downloader/response_count': 1,
 'downloader/response_status_count/200': 1,
 'finish_reason': 'finished',
 'finish_time': datetime.datetime(2018, 9, 28, 1, 52, 26, 267000),
 'item_scraped_count': 30,
 'log_count/DEBUG': 2,
 'log_count/INFO': 1,
 'response_received_count': 1,
 'scheduler/dequeued': 1,
 'scheduler/dequeued/memory': 1,
 'scheduler/enqueued': 1,
 'scheduler/enqueued/memory': 1,
 'start_time': datetime.datetime(2018, 9, 28, 1, 52, 20, 935000)}
2018-09-28 09:52:30,703 [statscollectors:close_spider.47] [INFO]- Dumping Scrapy stats:
{'downloader/request_bytes': 471,
 'downloader/request_count': 1,
 'downloader/request_method_count/GET': 1,
 'downloader/response_bytes': 5461,
 'downloader/response_count': 1,
 'downloader/response_status_count/200': 1,
 'finish_reason': 'finished',
 'finish_time': datetime.datetime(2018, 9, 28, 1, 52, 30, 702000),
 'item_scraped_count': 30,
 'log_count/DEBUG': 2,
 'log_count/INFO': 1,
 'response_received_count': 1,
 'scheduler/dequeued': 1,
 'scheduler/dequeued/memory': 1,
 'scheduler/enqueued': 1,
 'scheduler/enqueued/memory': 1,
 'start_time': datetime.datetime(2018, 9, 28, 1, 52, 24, 564000)}
2018-09-28 09:53:02,635 [logstats:log.48] [INFO]- Crawled 0 pages (at 0 pages/min), scraped 0 items (at 0 items/min)
2018-09-28 09:53:02,638 [telnet:start_listening.60] [DEBUG]- Telnet console listening on 127.0.0.1:6023
2018-09-28 09:53:02,655 [cookies:_debug_cookie.61] [DEBUG]- Sending cookies to: <GET http://space.bilibili.com/ajax/member/getSubmitVideos?mid=22500342&pagesize=30&tid=0&page=1&keyword=&order=pubdate>
Cookie: a=b

2018-09-28 09:53:10,940 [cookies:_debug_cookie.61] [DEBUG]- Sending cookies to: <GET http://space.bilibili.com/ajax/member/getSubmitVideos?mid=22500342&pagesize=30&tid=0&page=2&keyword=&order=pubdate>
Cookie: a=b

2018-09-28 09:53:17,720 [cookies:_debug_cookie.61] [DEBUG]- Sending cookies to: <GET http://space.bilibili.com/ajax/member/getSubmitVideos?mid=22500342&pagesize=30&tid=0&page=3&keyword=&order=pubdate>
Cookie: a=b

2018-09-28 09:53:28,776 [cookies:_debug_cookie.61] [DEBUG]- Sending cookies to: <GET http://space.bilibili.com/ajax/member/getSubmitVideos?mid=22500342&pagesize=30&tid=0&page=4&keyword=&order=pubdate>
Cookie: a=b

2018-09-28 09:53:38,072 [cookies:_debug_cookie.61] [DEBUG]- Sending cookies to: <GET http://space.bilibili.com/ajax/member/getSubmitVideos?mid=22500342&pagesize=30&tid=0&page=5&keyword=&order=pubdate>
Cookie: a=b

2018-09-28 09:53:46,630 [cookies:_debug_cookie.61] [DEBUG]- Sending cookies to: <GET http://space.bilibili.com/ajax/member/getSubmitVideos?mid=22500342&pagesize=30&tid=0&page=6&keyword=&order=pubdate>
Cookie: a=b

2018-09-28 09:53:55,403 [cookies:_debug_cookie.61] [DEBUG]- Sending cookies to: <GET http://space.bilibili.com/ajax/member/getSubmitVideos?mid=22500342&pagesize=30&tid=0&page=7&keyword=&order=pubdate>
Cookie: a=b

2018-09-28 09:54:02,809 [logstats:log.48] [INFO]- Crawled 7 pages (at 7 pages/min), scraped 205 items (at 205 items/min)
2018-09-28 09:54:04,641 [cookies:_debug_cookie.61] [DEBUG]- Sending cookies to: <GET http://space.bilibili.com/ajax/member/getSubmitVideos?mid=22500342&pagesize=30&tid=0&page=8&keyword=&order=pubdate>
Cookie: a=b

2018-09-28 09:54:13,888 [cookies:_debug_cookie.61] [DEBUG]- Sending cookies to: <GET http://space.bilibili.com/ajax/member/getSubmitVideos?mid=22500342&pagesize=30&tid=0&page=9&keyword=&order=pubdate>
Cookie: a=b

2018-09-28 09:54:23,053 [cookies:_debug_cookie.61] [DEBUG]- Sending cookies to: <GET http://space.bilibili.com/ajax/member/getSubmitVideos?mid=22500342&pagesize=30&tid=0&page=10&keyword=&order=pubdate>
Cookie: a=b

2018-09-28 09:54:32,756 [cookies:_debug_cookie.61] [DEBUG]- Sending cookies to: <GET http://space.bilibili.com/ajax/member/getSubmitVideos?mid=22500342&pagesize=30&tid=0&page=11&keyword=&order=pubdate>
Cookie: a=b

2018-09-28 09:54:44,934 [cookies:_debug_cookie.61] [DEBUG]- Sending cookies to: <GET http://space.bilibili.com/ajax/member/getSubmitVideos?mid=22500342&pagesize=30&tid=0&page=12&keyword=&order=pubdate>
Cookie: a=b

2018-09-28 09:54:54,923 [cookies:_debug_cookie.61] [DEBUG]- Sending cookies to: <GET http://space.bilibili.com/ajax/member/getSubmitVideos?mid=22500342&pagesize=30&tid=0&page=13&keyword=&order=pubdate>
Cookie: a=b

2018-09-28 09:55:02,858 [logstats:log.48] [INFO]- Crawled 13 pages (at 6 pages/min), scraped 385 items (at 180 items/min)
2018-09-28 09:55:04,829 [cookies:_debug_cookie.61] [DEBUG]- Sending cookies to: <GET http://space.bilibili.com/ajax/member/getSubmitVideos?mid=22500342&pagesize=30&tid=0&page=14&keyword=&order=pubdate>
Cookie: a=b

2018-09-28 09:55:13,980 [cookies:_debug_cookie.61] [DEBUG]- Sending cookies to: <GET http://space.bilibili.com/ajax/member/getSubmitVideos?mid=22500342&pagesize=30&tid=0&page=15&keyword=&order=pubdate>
Cookie: a=b

2018-09-28 09:55:24,171 [cookies:_debug_cookie.61] [DEBUG]- Sending cookies to: <GET http://space.bilibili.com/ajax/member/getSubmitVideos?mid=22500342&pagesize=30&tid=0&page=16&keyword=&order=pubdate>
Cookie: a=b

2018-09-28 09:55:33,539 [cookies:_debug_cookie.61] [DEBUG]- Sending cookies to: <GET http://space.bilibili.com/ajax/member/getSubmitVideos?mid=22500342&pagesize=30&tid=0&page=17&keyword=&order=pubdate>
Cookie: a=b

2018-09-28 09:55:42,519 [cookies:_debug_cookie.61] [DEBUG]- Sending cookies to: <GET http://space.bilibili.com/ajax/member/getSubmitVideos?mid=22500342&pagesize=30&tid=0&page=18&keyword=&order=pubdate>
Cookie: a=b

2018-09-28 09:55:57,744 [cookies:_debug_cookie.61] [DEBUG]- Sending cookies to: <GET http://space.bilibili.com/ajax/member/getSubmitVideos?mid=22500342&pagesize=30&tid=0&page=19&keyword=&order=pubdate>
Cookie: a=b

2018-09-28 09:56:03,217 [logstats:log.48] [INFO]- Crawled 19 pages (at 6 pages/min), scraped 554 items (at 169 items/min)
2018-09-28 09:56:08,763 [cookies:_debug_cookie.61] [DEBUG]- Sending cookies to: <GET http://space.bilibili.com/ajax/member/getSubmitVideos?mid=22500342&pagesize=30&tid=0&page=20&keyword=&order=pubdate>
Cookie: a=b

2018-09-28 09:56:17,352 [cookies:_debug_cookie.61] [DEBUG]- Sending cookies to: <GET http://space.bilibili.com/ajax/member/getSubmitVideos?mid=22500342&pagesize=30&tid=0&page=21&keyword=&order=pubdate>
Cookie: a=b

2018-09-28 09:56:26,588 [cookies:_debug_cookie.61] [DEBUG]- Sending cookies to: <GET http://space.bilibili.com/ajax/member/getSubmitVideos?mid=22500342&pagesize=30&tid=0&page=22&keyword=&order=pubdate>
Cookie: a=b

2018-09-28 09:56:34,698 [cookies:_debug_cookie.61] [DEBUG]- Sending cookies to: <GET http://space.bilibili.com/ajax/member/getSubmitVideos?mid=22500342&pagesize=30&tid=0&page=23&keyword=&order=pubdate>
Cookie: a=b

2018-09-28 09:56:43,963 [cookies:_debug_cookie.61] [DEBUG]- Sending cookies to: <GET http://space.bilibili.com/ajax/member/getSubmitVideos?mid=22500342&pagesize=30&tid=0&page=24&keyword=&order=pubdate>
Cookie: a=b

2018-09-28 09:56:52,845 [cookies:_debug_cookie.61] [DEBUG]- Sending cookies to: <GET http://space.bilibili.com/ajax/member/getSubmitVideos?mid=22500342&pagesize=30&tid=0&page=25&keyword=&order=pubdate>
Cookie: a=b

2018-09-29 09:24:51,128 [logstats:log.48] [INFO]- Crawled 0 pages (at 0 pages/min), scraped 0 items (at 0 items/min)
2018-09-29 09:24:51,145 [telnet:start_listening.60] [DEBUG]- Telnet console listening on 127.0.0.1:6023
2018-09-29 09:24:51,345 [cookies:_debug_cookie.61] [DEBUG]- Sending cookies to: <GET http://space.bilibili.com/ajax/member/getSubmitVideos?mid=22500342&pagesize=30&tid=0&page=1&keyword=&order=pubdate>
Cookie: a=b

2018-09-29 09:24:56,325 [cookies:_debug_cookie.61] [DEBUG]- Sending cookies to: <GET http://space.bilibili.com/ajax/member/getSubmitVideos?mid=22500342&pagesize=30&tid=0&page=2&keyword=&order=pubdate>
Cookie: a=b

2018-09-29 10:55:26,664 [logstats:log.48] [INFO]- Crawled 0 pages (at 0 pages/min), scraped 0 items (at 0 items/min)
2018-09-29 10:55:26,665 [telnet:start_listening.60] [DEBUG]- Telnet console listening on 127.0.0.1:6023
2018-09-29 10:55:26,681 [cookies:_debug_cookie.61] [DEBUG]- Sending cookies to: <GET http://space.bilibili.com/ajax/member/getSubmitVideos?mid=22500342&pagesize=30&tid=0&page=1&keyword=&order=pubdate>
Cookie: a=b

2018-09-29 10:55:32,058 [cookies:_debug_cookie.61] [DEBUG]- Sending cookies to: <GET http://space.bilibili.com/ajax/member/getSubmitVideos?mid=22500342&pagesize=30&tid=0&page=2&keyword=&order=pubdate>
Cookie: a=b

2018-09-30 15:09:47,453 [logstats:log.48] [INFO]- Crawled 0 pages (at 0 pages/min), scraped 0 items (at 0 items/min)
2018-09-30 15:09:47,460 [telnet:start_listening.60] [DEBUG]- Telnet console listening on 127.0.0.1:6023
2018-09-30 15:09:47,571 [cookies:_debug_cookie.61] [DEBUG]- Sending cookies to: <GET http://space.bilibili.com/ajax/member/getSubmitVideos?mid=22500342&pagesize=30&tid=0&page=1&keyword=&order=pubdate>
Cookie: a=b

2018-09-30 15:09:53,071 [cookies:_debug_cookie.61] [DEBUG]- Sending cookies to: <GET http://space.bilibili.com/ajax/member/getSubmitVideos?mid=22500342&pagesize=30&tid=0&page=2&keyword=&order=pubdate>
Cookie: a=b

2018-09-30 15:12:39,282 [logstats:log.48] [INFO]- Crawled 0 pages (at 0 pages/min), scraped 0 items (at 0 items/min)
2018-09-30 15:12:39,285 [telnet:start_listening.60] [DEBUG]- Telnet console listening on 127.0.0.1:6023
2018-09-30 15:12:39,302 [cookies:_debug_cookie.61] [DEBUG]- Sending cookies to: <GET http://space.bilibili.com/ajax/member/getSubmitVideos?mid=22500342&pagesize=30&tid=0&page=1&keyword=&order=pubdate>
Cookie: a=b

2018-09-30 15:12:43,163 [cookies:_debug_cookie.61] [DEBUG]- Sending cookies to: <GET http://space.bilibili.com/ajax/member/getSubmitVideos?mid=22500342&pagesize=30&tid=0&page=2&keyword=&order=pubdate>
Cookie: a=b

2018-09-30 15:12:46,821 [cookies:_debug_cookie.61] [DEBUG]- Sending cookies to: <GET http://space.bilibili.com/ajax/member/getSubmitVideos?mid=22500342&pagesize=30&tid=0&page=3&keyword=&order=pubdate>
Cookie: a=b

2018-09-30 15:12:51,904 [cookies:_debug_cookie.61] [DEBUG]- Sending cookies to: <GET http://space.bilibili.com/ajax/member/getSubmitVideos?mid=22500342&pagesize=30&tid=0&page=4&keyword=&order=pubdate>
Cookie: a=b

2018-10-08 13:52:27,684 [views:get_web_data.17] [DEBUG]- /get_web_data/get_dgtj_echart?parm=%7B%22vid%22:%222%22,%22start_time%22:%2220180914000000%22,%22end_time%22:%2220180926000000%22,%22type%22:1%7D
2018-10-08 13:52:50,539 [views:get_web_data.17] [DEBUG]- /get_web_data/get_dgtj_echart?parm=%7B%22vid%22:%222%22,%22start_time%22:%2220181001000000%22,%22end_time%22:%2220181008000000%22,%22type%22:1%7D
2018-10-08 14:10:56,400 [logstats:log.48] [INFO]- Crawled 0 pages (at 0 pages/min), scraped 0 items (at 0 items/min)
2018-10-08 14:10:56,403 [telnet:start_listening.60] [DEBUG]- Telnet console listening on 127.0.0.1:6023
2018-10-08 14:10:56,519 [cookies:_debug_cookie.61] [DEBUG]- Sending cookies to: <GET https://api.bilibili.com/x/relation/stat?vmid=22500342>
Cookie: a=b

2018-10-08 14:10:56,944 [cookies:_debug_cookie.61] [DEBUG]- Sending cookies to: <GET https://api.bilibili.com/x/space/upstat?mid=22500342>
Cookie: a=b

2018-10-08 14:10:57,226 [statscollectors:close_spider.47] [INFO]- Dumping Scrapy stats:
{'downloader/request_bytes': 883,
 'downloader/request_count': 2,
 'downloader/request_method_count/GET': 2,
 'downloader/response_bytes': 510,
 'downloader/response_count': 2,
 'downloader/response_status_count/200': 2,
 'finish_reason': 'finished',
 'finish_time': datetime.datetime(2018, 10, 8, 6, 10, 57, 224000),
 'log_count/DEBUG': 3,
 'log_count/INFO': 1,
 'request_depth_max': 1,
 'response_received_count': 2,
 'scheduler/dequeued': 2,
 'scheduler/dequeued/memory': 2,
 'scheduler/enqueued': 2,
 'scheduler/enqueued/memory': 2,
 'start_time': datetime.datetime(2018, 10, 8, 6, 10, 56, 401000)}
2018-10-08 14:17:49,441 [views:get_web_data.17] [DEBUG]- /get_web_data/get_dgtj_echart?parm=%7B%22vid%22:%222%22,%22start_time%22:%2220181001000000%22,%22end_time%22:%2220181008000000%22,%22type%22:1%7D
2018-10-08 14:24:45,494 [logstats:log.48] [INFO]- Crawled 0 pages (at 0 pages/min), scraped 0 items (at 0 items/min)
2018-10-08 14:24:45,496 [telnet:start_listening.60] [DEBUG]- Telnet console listening on 127.0.0.1:6023
2018-10-08 14:24:45,522 [cookies:_debug_cookie.61] [DEBUG]- Sending cookies to: <GET https://api.bilibili.com/x/relation/stat?vmid=22500342>
Cookie: a=b

2018-10-08 14:24:45,759 [cookies:_debug_cookie.61] [DEBUG]- Sending cookies to: <GET https://api.bilibili.com/x/space/upstat?mid=22500342>
Cookie: a=b

2018-10-08 14:24:46,013 [statscollectors:close_spider.47] [INFO]- Dumping Scrapy stats:
{'downloader/request_bytes': 883,
 'downloader/request_count': 2,
 'downloader/request_method_count/GET': 2,
 'downloader/response_bytes': 512,
 'downloader/response_count': 2,
 'downloader/response_status_count/200': 2,
 'finish_reason': 'finished',
 'finish_time': datetime.datetime(2018, 10, 8, 6, 24, 46, 13000),
 'log_count/DEBUG': 3,
 'log_count/INFO': 1,
 'request_depth_max': 1,
 'response_received_count': 2,
 'scheduler/dequeued': 2,
 'scheduler/dequeued/memory': 2,
 'scheduler/enqueued': 2,
 'scheduler/enqueued/memory': 2,
 'start_time': datetime.datetime(2018, 10, 8, 6, 24, 45, 496000)}
2018-10-08 14:32:21,390 [logstats:log.48] [INFO]- Crawled 0 pages (at 0 pages/min), scraped 0 items (at 0 items/min)
2018-10-08 14:32:21,391 [telnet:start_listening.60] [DEBUG]- Telnet console listening on 127.0.0.1:6023
2018-10-08 14:32:21,415 [statscollectors:close_spider.47] [INFO]- Dumping Scrapy stats:
{'finish_reason': 'finished',
 'finish_time': datetime.datetime(2018, 10, 8, 6, 32, 21, 415000),
 'log_count/DEBUG': 1,
 'log_count/INFO': 1,
 'start_time': datetime.datetime(2018, 10, 8, 6, 32, 21, 391000)}
2018-10-08 14:35:09,477 [logstats:log.48] [INFO]- Crawled 0 pages (at 0 pages/min), scraped 0 items (at 0 items/min)
2018-10-08 14:35:09,480 [telnet:start_listening.60] [DEBUG]- Telnet console listening on 127.0.0.1:6023
2018-10-08 14:35:09,506 [cookies:_debug_cookie.61] [DEBUG]- Sending cookies to: <GET https://api.bilibili.com/x/relation/stat?vmid=22500342>
Cookie: a=b

2018-10-08 14:35:09,763 [statscollectors:close_spider.47] [INFO]- Dumping Scrapy stats:
{'downloader/request_bytes': 410,
 'downloader/request_count': 1,
 'downloader/request_method_count/GET': 1,
 'downloader/response_bytes': 264,
 'downloader/response_count': 1,
 'downloader/response_status_count/200': 1,
 'finish_reason': 'finished',
 'finish_time': datetime.datetime(2018, 10, 8, 6, 35, 9, 762000),
 'log_count/DEBUG': 2,
 'log_count/INFO': 1,
 'response_received_count': 1,
 'scheduler/dequeued': 1,
 'scheduler/dequeued/memory': 1,
 'scheduler/enqueued': 1,
 'scheduler/enqueued/memory': 1,
 'start_time': datetime.datetime(2018, 10, 8, 6, 35, 9, 478000)}
2018-10-08 14:43:38,464 [logstats:log.48] [INFO]- Crawled 0 pages (at 0 pages/min), scraped 0 items (at 0 items/min)
2018-10-08 14:43:38,467 [telnet:start_listening.60] [DEBUG]- Telnet console listening on 127.0.0.1:6023
2018-10-08 14:43:38,490 [cookies:_debug_cookie.61] [DEBUG]- Sending cookies to: <GET https://api.bilibili.com/x/relation/stat?vmid=22500342>
Cookie: a=b

2018-10-08 14:43:38,730 [statscollectors:close_spider.47] [INFO]- Dumping Scrapy stats:
{'downloader/request_bytes': 410,
 'downloader/request_count': 1,
 'downloader/request_method_count/GET': 1,
 'downloader/response_bytes': 263,
 'downloader/response_count': 1,
 'downloader/response_status_count/200': 1,
 'finish_reason': 'finished',
 'finish_time': datetime.datetime(2018, 10, 8, 6, 43, 38, 729000),
 'log_count/DEBUG': 2,
 'log_count/INFO': 1,
 'response_received_count': 1,
 'scheduler/dequeued': 1,
 'scheduler/dequeued/memory': 1,
 'scheduler/enqueued': 1,
 'scheduler/enqueued/memory': 1,
 'start_time': datetime.datetime(2018, 10, 8, 6, 43, 38, 465000)}
2018-10-08 14:44:21,358 [logstats:log.48] [INFO]- Crawled 0 pages (at 0 pages/min), scraped 0 items (at 0 items/min)
2018-10-08 14:44:21,361 [telnet:start_listening.60] [DEBUG]- Telnet console listening on 127.0.0.1:6023
2018-10-08 14:44:21,384 [statscollectors:close_spider.47] [INFO]- Dumping Scrapy stats:
{'finish_reason': 'finished',
 'finish_time': datetime.datetime(2018, 10, 8, 6, 44, 21, 385000),
 'log_count/DEBUG': 1,
 'log_count/INFO': 1,
 'start_time': datetime.datetime(2018, 10, 8, 6, 44, 21, 359000)}
2018-10-08 15:29:28,901 [logstats:log.48] [INFO]- Crawled 0 pages (at 0 pages/min), scraped 0 items (at 0 items/min)
2018-10-08 15:29:28,903 [telnet:start_listening.60] [DEBUG]- Telnet console listening on 127.0.0.1:6023
2018-10-08 15:29:28,927 [cookies:_debug_cookie.61] [DEBUG]- Sending cookies to: <GET http://api.bilibili.com/x/relation/stat?vmid=22500342>
Cookie: a=b

2018-10-08 15:29:29,118 [statscollectors:close_spider.47] [INFO]- Dumping Scrapy stats:
{'downloader/request_bytes': 410,
 'downloader/request_count': 1,
 'downloader/request_method_count/GET': 1,
 'downloader/response_bytes': 264,
 'downloader/response_count': 1,
 'downloader/response_status_count/200': 1,
 'finish_reason': 'finished',
 'finish_time': datetime.datetime(2018, 10, 8, 7, 29, 29, 117000),
 'log_count/DEBUG': 2,
 'log_count/INFO': 1,
 'response_received_count': 1,
 'scheduler/dequeued': 1,
 'scheduler/dequeued/memory': 1,
 'scheduler/enqueued': 1,
 'scheduler/enqueued/memory': 1,
 'start_time': datetime.datetime(2018, 10, 8, 7, 29, 28, 901000)}
2018-10-08 15:30:14,473 [logstats:log.48] [INFO]- Crawled 0 pages (at 0 pages/min), scraped 0 items (at 0 items/min)
2018-10-08 15:30:14,476 [telnet:start_listening.60] [DEBUG]- Telnet console listening on 127.0.0.1:6023
2018-10-08 15:30:14,502 [cookies:_debug_cookie.61] [DEBUG]- Sending cookies to: <GET http://api.bilibili.com/x/relation/stat?vmid=22500342>
Cookie: a=b

2018-10-08 15:30:14,911 [cookies:_debug_cookie.61] [DEBUG]- Sending cookies to: <GET http://api.bilibili.com/x/space/upstat?mid=22500342>
Cookie: a=b

2018-10-08 15:30:15,315 [statscollectors:close_spider.47] [INFO]- Dumping Scrapy stats:
{'downloader/request_bytes': 882,
 'downloader/request_count': 2,
 'downloader/request_method_count/GET': 2,
 'downloader/response_bytes': 512,
 'downloader/response_count': 2,
 'downloader/response_status_count/200': 2,
 'finish_reason': 'finished',
 'finish_time': datetime.datetime(2018, 10, 8, 7, 30, 15, 314000),
 'log_count/DEBUG': 3,
 'log_count/INFO': 1,
 'request_depth_max': 1,
 'response_received_count': 2,
 'scheduler/dequeued': 2,
 'scheduler/dequeued/memory': 2,
 'scheduler/enqueued': 2,
 'scheduler/enqueued/memory': 2,
 'start_time': datetime.datetime(2018, 10, 8, 7, 30, 14, 475000)}
2018-10-08 16:01:17,505 [views:get_web_data.17] [DEBUG]- /get_web_data/get_bili_video_tj_echart?parm=%7B%22vid%22:%222%22,%22start_time%22:%2220181001000000%22,%22end_time%22:%2220181001000000%22,%22type%22:1%7D
2018-10-08 16:06:43,381 [views:get_web_data.17] [DEBUG]- /get_web_data/get_bili_video_tj_echart?parm=%7B%22vid%22:%222%22,%22start_time%22:%2220181001000000%22,%22end_time%22:%2220181001000000%22,%22type%22:1%7D
2018-10-08 16:26:20,974 [views:get_web_data.17] [DEBUG]- /get_web_data/get_bili_video_tj_echart?parm=%7B%22vid%22:%222%22,%22start_time%22:%2220181001000000%22,%22end_time%22:%2220181001000000%22,%22type%22:1%7D
2018-10-08 16:28:05,437 [views:get_web_data.17] [DEBUG]- /get_web_data/get_bili_video_tj_echart?parm=%7B%22vid%22:%222%22,%22start_time%22:%2220181001000000%22,%22end_time%22:%2220181001000000%22,%22type%22:1%7D
2018-10-08 16:28:43,551 [views:get_web_data.17] [DEBUG]- /get_web_data/get_bili_video_tj_echart?parm=%7B%22vid%22:%222%22,%22start_time%22:%2220181001000000%22,%22end_time%22:%2220191001000000%22,%22type%22:1%7D
2018-10-08 16:32:54,888 [views:get_web_data.17] [DEBUG]- /get_web_data/get_bili_video_tj_echart?parm=%7B%22vid%22:%222%22,%22start_time%22:%2220181001000000%22,%22end_time%22:%2220191001000000%22,%22type%22:1%7D
2018-10-08 16:34:26,365 [views:get_web_data.17] [DEBUG]- /get_web_data/get_bili_video_tj_echart?parm=%7B%22vid%22:%222%22,%22start_time%22:%2220181001000000%22,%22end_time%22:%2220191001000000%22,%22type%22:1%7D
2018-10-08 16:34:35,374 [views:get_web_data.17] [DEBUG]- /get_web_data/get_bili_video_tj_echart?parm=%7B%22vid%22:%222%22,%22start_time%22:%2220181001000000%22,%22end_time%22:%2220191001000000%22,%22type%22:1%7D
2018-10-08 16:42:00,463 [views:get_web_data.17] [DEBUG]- /get_web_data/get_bili_video_tj_echart?parm=%7B%22vid%22:%222%22,%22start_time%22:%2220181001000000%22,%22end_time%22:%2220191001000000%22,%22type%22:1%7D
2018-10-08 16:44:06,569 [views:get_web_data.17] [DEBUG]- /get_web_data/get_bili_video_tj_echart?parm=%7B%22vid%22:%222%22,%22start_time%22:%2220181001000000%22,%22end_time%22:%2220191001000000%22,%22type%22:1,%22count%22:10%7D
2018-10-08 16:46:35,138 [views:get_web_data.17] [DEBUG]- /get_web_data/get_bili_video_tj_echart?parm=%7B%22vid%22:%222%22,%22start_time%22:%2220181001000000%22,%22end_time%22:%2220191001000000%22,%22type%22:1,%22count%22:10%7D
2018-10-08 16:48:32,290 [views:get_web_data.17] [DEBUG]- /get_web_data/get_bili_video_tj_echart?parm=%7B%22vid%22:%222%22,%22start_time%22:%2220181001000000%22,%22end_time%22:%2220191001000000%22,%22type%22:1,%22count%22:10%7D
2018-10-08 16:49:16,598 [views:get_web_data.17] [DEBUG]- /get_web_data/get_bili_video_tj_echart?parm=%7B%22vid%22:%222%22,%22start_time%22:%2220181001000000%22,%22end_time%22:%2220191001000000%22,%22type%22:1,%22count%22:10%7D
2018-10-08 16:49:42,388 [views:get_web_data.17] [DEBUG]- /get_web_data/get_bili_video_tj_echart?parm=%7B%22vid%22:%222%22,%22start_time%22:%2220181001000000%22,%22end_time%22:%2220191001000000%22,%22type%22:1,%22count%22:10%7D
2018-10-08 16:50:20,760 [views:get_web_data.17] [DEBUG]- /get_web_data/get_bili_video_tj_echart?parm=%7B%22vid%22:%222%22,%22start_time%22:%2220181001000000%22,%22end_time%22:%2220191001000000%22,%22type%22:1,%22count%22:10%7D
2018-10-08 16:52:26,292 [views:get_web_data.17] [DEBUG]- /get_web_data/get_bili_video_tj_echart?parm=%7B%22vid%22:%222%22,%22start_time%22:%2220181001000000%22,%22end_time%22:%2220191001000000%22,%22type%22:1,%22count%22:10%7D
2018-10-08 16:53:26,619 [views:get_web_data.17] [DEBUG]- /get_web_data/get_bili_video_tj_echart?parm=%7B%22vid%22:%222%22,%22start_time%22:%2220181001000000%22,%22end_time%22:%2220191001000000%22,%22type%22:1,%22count%22:10%7D
2018-10-08 16:54:07,717 [views:get_web_data.17] [DEBUG]- /get_web_data/get_bili_video_tj_echart?parm=%7B%22vid%22:%222%22,%22start_time%22:%2220181001000000%22,%22end_time%22:%2220191001000000%22,%22type%22:1,%22count%22:10%7D
2018-10-08 16:54:47,444 [views:get_web_data.17] [DEBUG]- /get_web_data/get_bili_video_tj_echart?parm=%7B%22vid%22:%222%22,%22start_time%22:%2220181001000000%22,%22end_time%22:%2220191001000000%22,%22type%22:1,%22count%22:10%7D
2018-10-08 16:57:14,111 [views:get_web_data.17] [DEBUG]- /get_web_data/get_bili_video_tj_echart?parm=%7B%22vid%22:%222%22,%22start_time%22:%2220181001000000%22,%22end_time%22:%2220191001000000%22,%22type%22:1,%22count%22:10%7D
2018-10-08 17:04:47,252 [views:get_web_data.17] [DEBUG]- /get_web_data/get_bili_video_tj_echart?parm=%7B%22vid%22:%222%22,%22start_time%22:%2220181001000000%22,%22end_time%22:%2220191001000000%22,%22type%22:1,%22count%22:10%7D
2018-10-08 17:05:49,431 [views:get_web_data.17] [DEBUG]- /get_web_data/get_bili_video_tj_echart?parm=%7B%22vid%22:%222%22,%22start_time%22:%2220181001000000%22,%22end_time%22:%2220191001000000%22,%22type%22:1,%22count%22:10%7D
2018-10-08 17:06:25,372 [views:get_web_data.17] [DEBUG]- /get_web_data/get_bili_video_tj_echart?parm=%7B%22vid%22:%222%22,%22start_time%22:%2220181001000000%22,%22end_time%22:%2220191001000000%22,%22type%22:1,%22count%22:10%7D
2018-10-08 17:12:27,802 [views:get_web_data.17] [DEBUG]- /get_web_data/get_bili_video_tj_echart?parm=%7B%22vid%22:%222%22,%22start_time%22:%2220181001000000%22,%22end_time%22:%2220191001000000%22,%22type%22:1,%22count%22:10%7D
2018-10-08 17:13:16,934 [views:get_web_data.17] [DEBUG]- /get_web_data/get_bili_video_tj_echart?parm=%7B%22vid%22:%222%22,%22start_time%22:%2220181001000000%22,%22end_time%22:%2220191001000000%22,%22type%22:1,%22count%22:10%7D
2018-10-08 17:13:20,119 [views:get_web_data.17] [DEBUG]- /get_web_data/get_bili_video_tj_echart?parm=%7B%22vid%22:%222%22,%22start_time%22:%2220181001000000%22,%22end_time%22:%2220191001000000%22,%22type%22:1,%22count%22:10%7D
2018-10-08 17:14:43,640 [views:get_web_data.17] [DEBUG]- /get_web_data/get_bili_video_tj_echart?parm=%7B%22vid%22:%222%22,%22start_time%22:%2220181001000000%22,%22end_time%22:%2220191001000000%22,%22type%22:1,%22count%22:10%7D
2018-10-08 17:15:59,815 [views:get_web_data.17] [DEBUG]- /get_web_data/get_bili_video_tj_echart?parm=%7B%22vid%22:%222%22,%22start_time%22:%2220181001000000%22,%22end_time%22:%2220191001000000%22,%22type%22:1,%22count%22:10%7D
2018-10-08 17:16:41,401 [views:get_web_data.17] [DEBUG]- /get_web_data/get_bili_video_tj_echart?parm=%7B%22vid%22:%222%22,%22start_time%22:%2220181001000000%22,%22end_time%22:%2220191001000000%22,%22type%22:1,%22count%22:3%7D
2018-10-08 17:18:00,487 [views:get_web_data.17] [DEBUG]- /get_web_data/get_bili_video_tj_echart?parm=%7B%22vid%22:%222%22,%22start_time%22:%2220181001000000%22,%22end_time%22:%2220191001000000%22,%22type%22:1,%22count%22:3%7D
2018-10-08 17:18:55,864 [views:get_web_data.17] [DEBUG]- /get_web_data/get_bili_video_tj_echart?parm=%7B%22vid%22:%222%22,%22start_time%22:%2220181001000000%22,%22end_time%22:%2220191001000000%22,%22type%22:2,%22count%22:3%7D
2018-10-08 17:21:24,658 [views:get_web_data.17] [DEBUG]- /get_web_data/get_bili_video_tj_echart?parm=%7B%22vid%22:%222%22,%22start_time%22:%2220181001000000%22,%22end_time%22:%2220191001000000%22,%22type%22:2,%22count%22:10%7D
2018-10-08 17:22:00,114 [views:get_web_data.17] [DEBUG]- /get_web_data/get_bili_video_tj_echart?parm=%7B%22vid%22:%222%22,%22start_time%22:%2220181001000000%22,%22end_time%22:%2220191001000000%22,%22type%22:2,%22count%22:10%7D
2018-10-08 17:22:06,792 [views:get_web_data.17] [DEBUG]- /get_web_data/get_bili_video_tj_echart?parm=%7B%22vid%22:%222%22,%22start_time%22:%2220181001000000%22,%22end_time%22:%2220191001000000%22,%22type%22:1,%22count%22:10%7D
2018-10-08 17:23:08,823 [views:get_web_data.17] [DEBUG]- /get_web_data/get_bili_video_tj_echart?parm=%7B%22vid%22:%222%22,%22start_time%22:%2220181001000000%22,%22end_time%22:%2220191001000000%22,%22type%22:1,%22count%22:10%7D
2018-10-08 17:23:10,631 [views:get_web_data.17] [DEBUG]- /get_web_data/get_bili_video_tj_echart?parm=%7B%22vid%22:%222%22,%22start_time%22:%2220181001000000%22,%22end_time%22:%2220191001000000%22,%22type%22:2,%22count%22:10%7D
2018-10-08 17:27:10,918 [views:get_web_data.17] [DEBUG]- /get_web_data/get_bili_video_tj_echart?parm=%7B%22vid%22:%222%22,%22start_time%22:%2220181001000000%22,%22end_time%22:%2220191001000000%22,%22type%22:2,%22count%22:10%7D
2018-10-08 17:27:19,753 [views:get_web_data.17] [DEBUG]- /get_web_data/get_bili_video_tj_echart?parm=%7B%22vid%22:%222%22,%22start_time%22:%2220181001000000%22,%22end_time%22:%2220191001000000%22,%22type%22:2,%22count%22:5%7D
2018-10-08 17:27:25,387 [views:get_web_data.17] [DEBUG]- /get_web_data/get_bili_video_tj_echart?parm=%7B%22vid%22:%222%22,%22start_time%22:%2220181001000000%22,%22end_time%22:%2220191001000000%22,%22type%22:2,%22count%22:5%7D
2018-10-08 17:29:06,003 [views:get_web_data.17] [DEBUG]- /get_web_data/get_bili_video_tj_echart?parm=%7B%22vid%22:%222%22,%22start_time%22:%2220181001000000%22,%22end_time%22:%2220191001000000%22,%22type%22:2,%22count%22:10%7D
2018-10-08 17:30:45,286 [views:get_web_data.17] [DEBUG]- /get_web_data/get_bili_video_tj_echart?parm=%7B%22vid%22:%222%22,%22start_time%22:%2220181001000000%22,%22end_time%22:%2220191001000000%22,%22type%22:2,%22count%22:10%7D
2018-10-08 17:31:14,621 [views:get_web_data.17] [DEBUG]- /get_web_data/get_bili_video_tj_echart?parm=%7B%22vid%22:%222%22,%22start_time%22:%2220181001000000%22,%22end_time%22:%2220191001000000%22,%22type%22:2,%22count%22:10%7D
2018-10-08 17:32:51,816 [views:get_web_data.17] [DEBUG]- /get_web_data/get_bili_video_tj_echart?parm=%7B%22vid%22:%222%22,%22start_time%22:%2220181001000000%22,%22end_time%22:%2220191001000000%22,%22type%22:2,%22count%22:10%7D
2018-10-08 17:33:31,994 [views:get_web_data.17] [DEBUG]- /get_web_data/get_bili_video_tj_echart?parm=%7B%22vid%22:%222%22,%22start_time%22:%2220181001000000%22,%22end_time%22:%2220191001000000%22,%22type%22:2,%22count%22:10%7D
2018-10-08 17:38:18,671 [views:get_web_data.17] [DEBUG]- /get_web_data/get_bili_video_tj_echart?parm=%7B%22vid%22:%222%22,%22start_time%22:%2220181001000000%22,%22end_time%22:%2220191001000000%22,%22type%22:1,%22count%22:10,is_new=false%7D
2018-10-08 17:38:39,648 [views:get_web_data.17] [DEBUG]- /get_web_data/get_bili_video_tj_echart?parm=%7B%22vid%22:%222%22,%22start_time%22:%2220181001000000%22,%22end_time%22:%2220191001000000%22,%22type%22:1,%22count%22:10,is_new=false%7D
2018-10-08 17:39:03,322 [views:get_web_data.17] [DEBUG]- /get_web_data/get_bili_video_tj_echart?parm=%7B%22vid%22:%222%22,%22start_time%22:%2220181001000000%22,%22end_time%22:%2220191001000000%22,%22type%22:1,%22count%22:10,is_new=false%7D
2018-10-08 17:40:10,565 [views:get_web_data.17] [DEBUG]- /get_web_data/get_bili_video_tj_echart?parm=%7B%22vid%22:%222%22,%22start_time%22:%2220181001000000%22,%22end_time%22:%2220191001000000%22,%22type%22:1,%22count%22:10,is_new=0%7D
2018-10-08 17:41:47,944 [views:get_web_data.17] [DEBUG]- /get_web_data/get_bili_video_tj_echart?parm=%7B%22vid%22:%222%22,%22start_time%22:%2220181001000000%22,%22end_time%22:%2220191001000000%22,%22type%22:1,%22count%22:10,%22is_new%22=false%7D
2018-10-08 17:42:11,971 [views:get_web_data.17] [DEBUG]- /get_web_data/get_bili_video_tj_echart?parm=%7B%22vid%22:%222%22,%22start_time%22:%2220181001000000%22,%22end_time%22:%2220191001000000%22,%22type%22:1,%22count%22:10,%22is_new%22:false%7D
2018-10-08 17:42:45,361 [views:get_web_data.17] [DEBUG]- /get_web_data/get_bili_video_tj_echart?parm=%7B%22vid%22:%222%22,%22start_time%22:%2220181001000000%22,%22end_time%22:%2220191001000000%22,%22type%22:1,%22count%22:10,%22is_new%22:false%7D
2018-10-08 17:43:10,203 [views:get_web_data.17] [DEBUG]- /get_web_data/get_bili_video_tj_echart?parm=%7B%22vid%22:%222%22,%22start_time%22:%2220181001000000%22,%22end_time%22:%2220191001000000%22,%22type%22:1,%22count%22:10,%22is_new%22:false%7D
2018-10-08 17:43:44,650 [views:get_web_data.17] [DEBUG]- /get_web_data/get_bili_video_tj_echart?parm=%7B%22vid%22:%222%22,%22start_time%22:%2220181001000000%22,%22end_time%22:%2220191001000000%22,%22type%22:1,%22count%22:10,%22is_new%22:false%7D
